0 info it worked if it ends with ok
1 verbose cli [ '/usr/bin/node', '/usr/bin/npm', 'run', 'cypress' ]
2 info using npm@3.5.2
3 info using node@v8.10.0
4 verbose run-script [ 'precypress', 'cypress', 'postcypress' ]
5 info lifecycle leaflet.pm@2.1.0~precypress: leaflet.pm@2.1.0
6 silly lifecycle leaflet.pm@2.1.0~precypress: no script for precypress, continuing
7 info lifecycle leaflet.pm@2.1.0~cypress: leaflet.pm@2.1.0
8 verbose lifecycle leaflet.pm@2.1.0~cypress: unsafe-perm in lifecycle true
9 verbose lifecycle leaflet.pm@2.1.0~cypress: PATH: /usr/share/npm/bin/node-gyp-bin:/home/marlube/Documentos/PASANTIA/PROYECTO/botones/leaflet.pm/node_modules/.bin:/usr/local/sbin:/usr/local/bin:/usr/sbin:/usr/bin:/sbin:/bin:/snap/bin
10 verbose lifecycle leaflet.pm@2.1.0~cypress: CWD: /home/marlube/Documentos/PASANTIA/PROYECTO/botones/leaflet.pm
11 silly lifecycle leaflet.pm@2.1.0~cypress: Args: [ '-c', '$(npm bin)/cypress open' ]
12 silly lifecycle leaflet.pm@2.1.0~cypress: Returned: code: 1  signal: null
13 info lifecycle leaflet.pm@2.1.0~cypress: Failed to exec cypress script
14 verbose stack Error: leaflet.pm@2.1.0 cypress: `$(npm bin)/cypress open`
14 verbose stack Exit status 1
14 verbose stack     at EventEmitter.<anonymous> (/usr/share/npm/lib/utils/lifecycle.js:232:16)
14 verbose stack     at emitTwo (events.js:126:13)
14 verbose stack     at EventEmitter.emit (events.js:214:7)
14 verbose stack     at ChildProcess.<anonymous> (/usr/share/npm/lib/utils/spawn.js:24:14)
14 verbose stack     at emitTwo (events.js:126:13)
14 verbose stack     at ChildProcess.emit (events.js:214:7)
14 verbose stack     at maybeClose (internal/child_process.js:925:16)
14 verbose stack     at Process.ChildProcess._handle.onexit (internal/child_process.js:209:5)
15 verbose pkgid leaflet.pm@2.1.0
16 verbose cwd /home/marlube/Documentos/PASANTIA/PROYECTO/botones/leaflet.pm
17 error Linux 4.18.0-25-generic
18 error argv "/usr/bin/node" "/usr/bin/npm" "run" "cypress"
19 error node v8.10.0
20 error npm  v3.5.2
21 error code ELIFECYCLE
22 error leaflet.pm@2.1.0 cypress: `$(npm bin)/cypress open`
22 error Exit status 1
23 error Failed at the leaflet.pm@2.1.0 cypress script '$(npm bin)/cypress open'.
23 error Make sure you have the latest version of node.js and npm installed.
23 error If you do, this is most likely a problem with the leaflet.pm package,
23 error not with npm itself.
23 error Tell the author that this fails on your system:
23 error     $(npm bin)/cypress open
23 error You can get information on how to open an issue for this project with:
23 error     npm bugs leaflet.pm
23 error Or if that isn't available, you can get their info via:
23 error     npm owner ls leaflet.pm
23 error There is likely additional logging output above.
24 verbose exit [ 1, true ]
